<?xml version="1.0" encoding="UTF-8"?>
<robot generator="Robot 5.0.1 (Python 3.9.13 on win32)" generated="20221016 09:40:02.089" rpa="true" schemaversion="3">
<suite id="s1" name="Tasks" source="c:\Users\lippo\OneDrive - Laurea-ammattikorkeakoulu\RPAProject\tasks.robot">
<test id="s1-t1" name="Hintavahti kahdelle eri urheilusivustolle." line="16">
<kw name="Read product from Excel">
<kw name="Open Workbook" library="RPA.Excel.Files">
<arg>productsToSearch.xlsx</arg>
<doc>Open an existing Excel workbook.</doc>
<msg timestamp="20221016 09:40:03.438" level="INFO">Opened workbook: &lt;RPA.Excel.Files.XlsxWorkbook object at 0x000002A090428730&gt;</msg>
<status status="PASS" starttime="20221016 09:40:03.427" endtime="20221016 09:40:03.445"/>
</kw>
<kw name="Read Worksheet As Table" library="RPA.Excel.Files">
<var>@{TBL_PRODUCTS_TO_SEARCH}</var>
<arg>header=True</arg>
<doc>Read the contents of a worksheet into a Table container. Allows
sorting/filtering/manipulating using the ``RPA.Tables`` library.</doc>
<msg timestamp="20221016 09:40:03.447" level="INFO">Created table: Table(columns=['Products'], rows=2)</msg>
<msg timestamp="20221016 09:40:03.447" level="INFO">@{TBL_PRODUCTS_TO_SEARCH} = [ {'Products': 'head alpha pro'} | {'Products': 'head alpha control'} ]</msg>
<status status="PASS" starttime="20221016 09:40:03.446" endtime="20221016 09:40:03.447"/>
</kw>
<kw name="Set Suite Variable" library="BuiltIn">
<arg>@{TBL_PRODUCTS_TO_SEARCH}</arg>
<doc>Makes a variable available everywhere within the scope of the current suite.</doc>
<msg timestamp="20221016 09:40:03.449" level="INFO">@{TBL_PRODUCTS_TO_SEARCH} = [ {'Products': 'head alpha pro'} | {'Products': 'head alpha control'} ]</msg>
<status status="PASS" starttime="20221016 09:40:03.448" endtime="20221016 09:40:03.449"/>
</kw>
<kw name="Close Workbook" library="RPA.Excel.Files">
<doc>Close the active workbook.</doc>
<msg timestamp="20221016 09:40:03.449" level="INFO">Closing workbook: &lt;RPA.Excel.Files.XlsxWorkbook object at 0x000002A090428730&gt;</msg>
<status status="PASS" starttime="20221016 09:40:03.449" endtime="20221016 09:40:03.449"/>
</kw>
<status status="PASS" starttime="20221016 09:40:03.426" endtime="20221016 09:40:03.450"/>
</kw>
<kw name="Open browser">
<kw name="Open Available Browser" library="RPA.Browser.Selenium">
<arg>https://www.stadium.fi/</arg>
<doc>Attempts to open a browser on the user's device from a set of
supported browsers. Automatically downloads a corresponding webdriver
if none is already installed.</doc>
<msg timestamp="20221016 09:40:03.452" level="INFO">Creating an instance of the Chrome WebDriver.</msg>
<msg timestamp="20221016 09:40:03.457" level="INFO">====== WebDriver manager ======</msg>
<msg timestamp="20221016 09:40:04.989" level="INFO">Creating an instance of the Chrome WebDriver.</msg>
<msg timestamp="20221016 09:40:06.182" level="INFO">Created Chrome browser with arguments: --disable-dev-shm-usage --disable-web-security --allow-running-insecure-content --no-sandbox</msg>
<msg timestamp="20221016 09:40:06.182" level="INFO" html="true">&lt;p&gt;Attempted combinations:&lt;/p&gt;&lt;div class="doc"&gt;&lt;table&gt;&lt;tr&gt;&lt;th&gt;Browser&lt;/th&gt;&lt;th&gt;Download&lt;/th&gt;&lt;th&gt;Error&lt;/th&gt;&lt;/tr&gt;&lt;tr&gt;&lt;td&gt;Chrome&lt;/td&gt;&lt;td&gt;False&lt;/td&gt;&lt;td&gt;Message: 'chromedriver' executable needs to be in PATH. Please see https://chromedriver.chromium.org/home
&lt;/td&gt;&lt;/tr&gt;&lt;tr&gt;&lt;td&gt;Chrome&lt;/td&gt;&lt;td&gt;True&lt;/td&gt;&lt;td&gt;&lt;/td&gt;&lt;/tr&gt;&lt;/table&gt;&lt;/div&gt;</msg>
<msg timestamp="20221016 09:40:06.183" level="INFO">Opening url 'https://www.stadium.fi/'</msg>
<status status="PASS" starttime="20221016 09:40:03.451" endtime="20221016 09:40:15.098"/>
</kw>
<status status="PASS" starttime="20221016 09:40:03.450" endtime="20221016 09:40:15.099"/>
</kw>
<kw name="Get prices">
<kw name="Create List" library="BuiltIn">
<var>${PRICES_OF_PRODUCTS}</var>
<doc>Returns a list containing given items.</doc>
<msg timestamp="20221016 09:40:15.101" level="INFO">${PRICES_OF_PRODUCTS} = []</msg>
<status status="PASS" starttime="20221016 09:40:15.101" endtime="20221016 09:40:15.101"/>
</kw>
<kw name="Set Suite Variable" library="BuiltIn">
<arg>${PRICES_OF_PRODUCTS}</arg>
<doc>Makes a variable available everywhere within the scope of the current suite.</doc>
<msg timestamp="20221016 09:40:15.101" level="INFO">${PRICES_OF_PRODUCTS} = []</msg>
<status status="PASS" starttime="20221016 09:40:15.101" endtime="20221016 09:40:15.101"/>
</kw>
<for flavor="IN">
<var>${row}</var>
<value>@{TBL_PRODUCTS_TO_SEARCH}</value>
<iter>
<var name="${row}">{'Products': 'head alpha pro'}</var>
<kw name="Fill and submit search product from Stadium">
<arg>${row}</arg>
<kw name="Input Text" library="RPA.Browser.Selenium">
<arg>class:search-field__query</arg>
<arg>${productToSearch}[Products]</arg>
<doc>Types the given ``text`` into the text field identified by ``locator``.</doc>
<msg timestamp="20221016 09:40:15.103" level="INFO">Typing text 'head alpha pro' into text field 'class:search-field__query'.</msg>
<status status="PASS" starttime="20221016 09:40:15.102" endtime="20221016 09:40:15.191"/>
</kw>
<kw name="Press Keys" library="RPA.Browser.Selenium">
<arg>class:search-field__query</arg>
<arg>RETURN</arg>
<doc>Simulates the user pressing key(s) to an element or on the active browser.</doc>
<msg timestamp="20221016 09:40:15.192" level="INFO">Sending key(s) ('RETURN',) to class:search-field__query element.</msg>
<msg timestamp="20221016 09:40:15.478" level="INFO">Pressing special key RETURN to element.</msg>
<msg timestamp="20221016 09:40:15.478" level="INFO">Releasing special key RETURN.</msg>
<status status="PASS" starttime="20221016 09:40:15.191" endtime="20221016 09:40:18.710"/>
</kw>
<kw name="Click Element" library="RPA.Browser.Selenium">
<arg>class:product-card</arg>
<doc>Click the element identified by ``locator``.</doc>
<msg timestamp="20221016 09:40:18.711" level="INFO">Clicking element 'class:product-card'.</msg>
<status status="PASS" starttime="20221016 09:40:18.710" endtime="20221016 09:40:22.106"/>
</kw>
<kw name="Wait Until Page Contains Element" library="RPA.Browser.Selenium">
<arg>class:price--large</arg>
<doc>Waits until the element ``locator`` appears on the current page.</doc>
<status status="PASS" starttime="20221016 09:40:22.106" endtime="20221016 09:40:22.120"/>
</kw>
<status status="PASS" starttime="20221016 09:40:15.102" endtime="20221016 09:40:22.121"/>
</kw>
<kw name="Get Text" library="RPA.Browser.Selenium">
<var>${priceOfOneProduct}</var>
<arg>class:price--large</arg>
<doc>Returns the text value of the element identified by ``locator``.</doc>
<msg timestamp="20221016 09:40:22.141" level="INFO">${priceOfOneProduct} = 179,-</msg>
<status status="PASS" starttime="20221016 09:40:22.121" endtime="20221016 09:40:22.142"/>
</kw>
<kw name="Append To List" library="Collections">
<arg>${PRICES_OF_PRODUCTS}</arg>
<arg>${priceOfOneProduct}</arg>
<doc>Adds ``values`` to the end of ``list``.</doc>
<status status="PASS" starttime="20221016 09:40:22.142" endtime="20221016 09:40:22.143"/>
</kw>
<status status="PASS" starttime="20221016 09:40:15.102" endtime="20221016 09:40:22.143"/>
</iter>
<iter>
<var name="${row}">{'Products': 'head alpha control'}</var>
<kw name="Fill and submit search product from Stadium">
<arg>${row}</arg>
<kw name="Input Text" library="RPA.Browser.Selenium">
<arg>class:search-field__query</arg>
<arg>${productToSearch}[Products]</arg>
<doc>Types the given ``text`` into the text field identified by ``locator``.</doc>
<msg timestamp="20221016 09:40:22.144" level="INFO">Typing text 'head alpha control' into text field 'class:search-field__query'.</msg>
<status status="PASS" starttime="20221016 09:40:22.143" endtime="20221016 09:40:22.231"/>
</kw>
<kw name="Press Keys" library="RPA.Browser.Selenium">
<arg>class:search-field__query</arg>
<arg>RETURN</arg>
<doc>Simulates the user pressing key(s) to an element or on the active browser.</doc>
<msg timestamp="20221016 09:40:22.232" level="INFO">Sending key(s) ('RETURN',) to class:search-field__query element.</msg>
<msg timestamp="20221016 09:40:22.510" level="INFO">Pressing special key RETURN to element.</msg>
<msg timestamp="20221016 09:40:22.510" level="INFO">Releasing special key RETURN.</msg>
<status status="PASS" starttime="20221016 09:40:22.231" endtime="20221016 09:40:24.738"/>
</kw>
<kw name="Click Element" library="RPA.Browser.Selenium">
<arg>class:product-card</arg>
<doc>Click the element identified by ``locator``.</doc>
<msg timestamp="20221016 09:40:24.739" level="INFO">Clicking element 'class:product-card'.</msg>
<status status="PASS" starttime="20221016 09:40:24.738" endtime="20221016 09:40:25.728"/>
</kw>
<kw name="Wait Until Page Contains Element" library="RPA.Browser.Selenium">
<arg>class:price--large</arg>
<doc>Waits until the element ``locator`` appears on the current page.</doc>
<status status="PASS" starttime="20221016 09:40:25.729" endtime="20221016 09:40:25.738"/>
</kw>
<status status="PASS" starttime="20221016 09:40:22.143" endtime="20221016 09:40:25.739"/>
</kw>
<kw name="Get Text" library="RPA.Browser.Selenium">
<var>${priceOfOneProduct}</var>
<arg>class:price--large</arg>
<doc>Returns the text value of the element identified by ``locator``.</doc>
<msg timestamp="20221016 09:40:25.780" level="INFO">${priceOfOneProduct} = 129,-</msg>
<status status="PASS" starttime="20221016 09:40:25.740" endtime="20221016 09:40:25.781"/>
</kw>
<kw name="Append To List" library="Collections">
<arg>${PRICES_OF_PRODUCTS}</arg>
<arg>${priceOfOneProduct}</arg>
<doc>Adds ``values`` to the end of ``list``.</doc>
<status status="PASS" starttime="20221016 09:40:25.781" endtime="20221016 09:40:25.781"/>
</kw>
<status status="PASS" starttime="20221016 09:40:22.143" endtime="20221016 09:40:25.781"/>
</iter>
<status status="PASS" starttime="20221016 09:40:15.102" endtime="20221016 09:40:25.781"/>
</for>
<status status="PASS" starttime="20221016 09:40:15.100" endtime="20221016 09:40:25.781"/>
</kw>
<kw name="Save prices to Excel">
<arg>${PRICES_OF_PRODUCTS}</arg>
<arg>@{TBL_PRODUCTS_TO_SEARCH}</arg>
<kw name="Open Workbook" library="RPA.Excel.Files">
<arg>productsToSearch.xlsx</arg>
<doc>Open an existing Excel workbook.</doc>
<msg timestamp="20221016 09:40:25.788" level="INFO">Opened workbook: &lt;RPA.Excel.Files.XlsxWorkbook object at 0x000002A090702C10&gt;</msg>
<status status="PASS" starttime="20221016 09:40:25.783" endtime="20221016 09:40:25.788"/>
</kw>
<kw name="Set Variable" library="BuiltIn">
<var>${i}</var>
<arg>${0}</arg>
<doc>Returns the given values which can then be assigned to a variables.</doc>
<msg timestamp="20221016 09:40:25.789" level="INFO">${i} = 0</msg>
<status status="PASS" starttime="20221016 09:40:25.788" endtime="20221016 09:40:25.789"/>
</kw>
<kw name="Set Suite Variable" library="BuiltIn">
<arg>${i}</arg>
<doc>Makes a variable available everywhere within the scope of the current suite.</doc>
<msg timestamp="20221016 09:40:25.790" level="INFO">${i} = 0</msg>
<status status="PASS" starttime="20221016 09:40:25.789" endtime="20221016 09:40:25.790"/>
</kw>
<kw name="Get Length" library="BuiltIn">
<var>${amountOfProducts}</var>
<arg>${pricesToExcel}</arg>
<doc>Returns and logs the length of the given item as an integer.</doc>
<msg timestamp="20221016 09:40:25.790" level="INFO">Length is 2</msg>
<msg timestamp="20221016 09:40:25.790" level="INFO">${amountOfProducts} = 2</msg>
<status status="PASS" starttime="20221016 09:40:25.790" endtime="20221016 09:40:25.790"/>
</kw>
<while condition="${i} &lt; ${amountOfProducts}">
<iter>
<kw name="Remove String" library="String">
<var>${currentPrice}</var>
<arg>${pricesToExcel}[${i}]</arg>
<arg>-</arg>
<arg>,</arg>
<doc>Removes all ``removables`` from the given ``string``.</doc>
<msg timestamp="20221016 09:40:25.793" level="INFO">${currentPrice} = 179</msg>
<status status="PASS" starttime="20221016 09:40:25.792" endtime="20221016 09:40:25.793"/>
</kw>
<kw name="Get Cell Value" library="RPA.Excel.Files">
<var>${oldPrice}</var>
<arg>${i + 2}</arg>
<arg>2</arg>
<doc>Get a cell value in the given worksheet.</doc>
<msg timestamp="20221016 09:40:25.795" level="INFO">${oldPrice} = 8000</msg>
<status status="PASS" starttime="20221016 09:40:25.793" endtime="20221016 09:40:25.796"/>
</kw>
<kw name="Get Cell Value" library="RPA.Excel.Files">
<var>${currentProduct}</var>
<arg>${i + 2}</arg>
<arg>1</arg>
<doc>Get a cell value in the given worksheet.</doc>
<msg timestamp="20221016 09:40:25.798" level="INFO">${currentProduct} = head alpha pro</msg>
<status status="PASS" starttime="20221016 09:40:25.796" endtime="20221016 09:40:25.798"/>
</kw>
<if>
<branch type="IF" condition="${oldPrice} != None">
<if>
<branch type="IF" condition="${currentPrice} &lt; ${oldPrice}">
<kw name="Send email to user">
<arg>${currentProduct}</arg>
<arg>Päivän hinta tuotteelle ${currentProduct} ${currentPrice} on alhaisempi kuin eilinen ${oldPrice}</arg>
<kw name="Log To Console" library="BuiltIn">
<arg>${emailSubject}</arg>
<doc>Logs the given message to the console.</doc>
<status status="PASS" starttime="20221016 09:40:25.800" endtime="20221016 09:40:25.800"/>
</kw>
<status status="PASS" starttime="20221016 09:40:25.800" endtime="20221016 09:40:25.800"/>
</kw>
<status status="PASS" starttime="20221016 09:40:25.799" endtime="20221016 09:40:25.800"/>
</branch>
<status status="PASS" starttime="20221016 09:40:25.799" endtime="20221016 09:40:25.800"/>
</if>
<status status="PASS" starttime="20221016 09:40:25.799" endtime="20221016 09:40:25.800"/>
</branch>
<status status="PASS" starttime="20221016 09:40:25.799" endtime="20221016 09:40:25.800"/>
</if>
<kw name="Set Cell Value" library="RPA.Excel.Files">
<arg>${i + 2}</arg>
<arg>2</arg>
<arg>${currentPrice}</arg>
<doc>Set a cell value in the given worksheet.</doc>
<status status="PASS" starttime="20221016 09:40:25.800" endtime="20221016 09:40:25.802"/>
</kw>
<kw name="Evaluate" library="BuiltIn">
<var>${i}</var>
<arg>${i} + 1</arg>
<doc>Evaluates the given expression in Python and returns the result.</doc>
<msg timestamp="20221016 09:40:25.803" level="INFO">${i} = 1</msg>
<status status="PASS" starttime="20221016 09:40:25.802" endtime="20221016 09:40:25.804"/>
</kw>
<status status="PASS" starttime="20221016 09:40:25.791" endtime="20221016 09:40:25.804"/>
</iter>
<iter>
<kw name="Remove String" library="String">
<var>${currentPrice}</var>
<arg>${pricesToExcel}[${i}]</arg>
<arg>-</arg>
<arg>,</arg>
<doc>Removes all ``removables`` from the given ``string``.</doc>
<msg timestamp="20221016 09:40:25.806" level="INFO">${currentPrice} = 129</msg>
<status status="PASS" starttime="20221016 09:40:25.805" endtime="20221016 09:40:25.806"/>
</kw>
<kw name="Get Cell Value" library="RPA.Excel.Files">
<var>${oldPrice}</var>
<arg>${i + 2}</arg>
<arg>2</arg>
<doc>Get a cell value in the given worksheet.</doc>
<msg timestamp="20221016 09:40:25.807" level="INFO">${oldPrice} = 9000</msg>
<status status="PASS" starttime="20221016 09:40:25.806" endtime="20221016 09:40:25.808"/>
</kw>
<kw name="Get Cell Value" library="RPA.Excel.Files">
<var>${currentProduct}</var>
<arg>${i + 2}</arg>
<arg>1</arg>
<doc>Get a cell value in the given worksheet.</doc>
<msg timestamp="20221016 09:40:25.809" level="INFO">${currentProduct} = head alpha control</msg>
<status status="PASS" starttime="20221016 09:40:25.808" endtime="20221016 09:40:25.809"/>
</kw>
<if>
<branch type="IF" condition="${oldPrice} != None">
<if>
<branch type="IF" condition="${currentPrice} &lt; ${oldPrice}">
<kw name="Send email to user">
<arg>${currentProduct}</arg>
<arg>Päivän hinta tuotteelle ${currentProduct} ${currentPrice} on alhaisempi kuin eilinen ${oldPrice}</arg>
<kw name="Log To Console" library="BuiltIn">
<arg>${emailSubject}</arg>
<doc>Logs the given message to the console.</doc>
<status status="PASS" starttime="20221016 09:40:25.812" endtime="20221016 09:40:25.813"/>
</kw>
<status status="PASS" starttime="20221016 09:40:25.811" endtime="20221016 09:40:25.813"/>
</kw>
<status status="PASS" starttime="20221016 09:40:25.811" endtime="20221016 09:40:25.813"/>
</branch>
<status status="PASS" starttime="20221016 09:40:25.810" endtime="20221016 09:40:25.813"/>
</if>
<status status="PASS" starttime="20221016 09:40:25.810" endtime="20221016 09:40:25.813"/>
</branch>
<status status="PASS" starttime="20221016 09:40:25.810" endtime="20221016 09:40:25.813"/>
</if>
<kw name="Set Cell Value" library="RPA.Excel.Files">
<arg>${i + 2}</arg>
<arg>2</arg>
<arg>${currentPrice}</arg>
<doc>Set a cell value in the given worksheet.</doc>
<status status="PASS" starttime="20221016 09:40:25.814" endtime="20221016 09:40:25.814"/>
</kw>
<kw name="Evaluate" library="BuiltIn">
<var>${i}</var>
<arg>${i} + 1</arg>
<doc>Evaluates the given expression in Python and returns the result.</doc>
<msg timestamp="20221016 09:40:25.815" level="INFO">${i} = 2</msg>
<status status="PASS" starttime="20221016 09:40:25.815" endtime="20221016 09:40:25.815"/>
</kw>
<status status="PASS" starttime="20221016 09:40:25.805" endtime="20221016 09:40:25.815"/>
</iter>
<status status="PASS" starttime="20221016 09:40:25.790" endtime="20221016 09:40:25.816"/>
</while>
<kw name="Save Workbook" library="RPA.Excel.Files">
<doc>Save the active workbook.</doc>
<status status="PASS" starttime="20221016 09:40:25.816" endtime="20221016 09:40:25.824"/>
</kw>
<kw name="Close Workbook" library="RPA.Excel.Files">
<doc>Close the active workbook.</doc>
<msg timestamp="20221016 09:40:25.827" level="INFO">Closing workbook: &lt;RPA.Excel.Files.XlsxWorkbook object at 0x000002A090702C10&gt;</msg>
<status status="PASS" starttime="20221016 09:40:25.825" endtime="20221016 09:40:25.827"/>
</kw>
<status status="PASS" starttime="20221016 09:40:25.782" endtime="20221016 09:40:25.828"/>
</kw>
<status status="PASS" starttime="20221016 09:40:03.425" endtime="20221016 09:40:25.828"/>
</test>
<doc>Hintavahti kahdelle eri urheilusivustolle.</doc>
<status status="PASS" starttime="20221016 09:40:02.102" endtime="20221016 09:40:25.830"/>
</suite>
<statistics>
<total>
<stat pass="1" fail="0" skip="0">All Tasks</stat>
</total>
<tag>
</tag>
<suite>
<stat pass="1" fail="0" skip="0" id="s1" name="Tasks">Tasks</stat>
</suite>
</statistics>
<errors>
</errors>
</robot>
